  教师工资管理系统.cpp
D:\C语言作业\教师工资管理系统\教师工资管理系统.cpp(208,9): warning C4101: “ch”: 未引用的局部变量
D:\C语言作业\教师工资管理系统\教师工资管理系统.cpp(299,20): warning C4477: “fscanf”: 格式字符串“%d”需要类型“int *”的参数，但可变参数 4 拥有了类型“int”
D:\C语言作业\教师工资管理系统\教师工资管理系统.cpp(299,20): warning C4477: “fscanf”: 格式字符串“%lf”需要类型“double *”的参数，但可变参数 8 拥有了类型“double”
D:\C语言作业\教师工资管理系统\教师工资管理系统.cpp(303,14): warning C4477: “fscanf”: 格式字符串“%d”需要类型“int *”的参数，但可变参数 4 拥有了类型“int”
D:\C语言作业\教师工资管理系统\教师工资管理系统.cpp(303,14): warning C4477: “fscanf”: 格式字符串“%lf”需要类型“double *”的参数，但可变参数 8 拥有了类型“double”
D:\C语言作业\教师工资管理系统\教师工资管理系统.cpp(339,12): warning C4477: “printf”: 格式字符串“%c”需要类型“int”的参数，但可变参数 2 拥有了类型“char *”
D:\C语言作业\教师工资管理系统\教师工资管理系统.cpp(339,12): warning C4477: “printf”: 格式字符串“%c”需要类型“int”的参数，但可变参数 5 拥有了类型“char *”
D:\C语言作业\教师工资管理系统\教师工资管理系统.cpp(356,12): warning C4477: “printf”: 格式字符串“%c”需要类型“int”的参数，但可变参数 2 拥有了类型“char *”
D:\C语言作业\教师工资管理系统\教师工资管理系统.cpp(356,12): warning C4477: “printf”: 格式字符串“%c”需要类型“int”的参数，但可变参数 5 拥有了类型“char *”
D:\C语言作业\教师工资管理系统\教师工资管理系统.cpp(374,12): warning C4477: “printf”: 格式字符串“%c”需要类型“int”的参数，但可变参数 2 拥有了类型“char *”
D:\C语言作业\教师工资管理系统\教师工资管理系统.cpp(374,12): warning C4477: “printf”: 格式字符串“%c”需要类型“int”的参数，但可变参数 5 拥有了类型“char *”
D:\C语言作业\教师工资管理系统\教师工资管理系统.cpp(379,12): warning C4477: “printf”: 格式字符串“%c”需要类型“int”的参数，但可变参数 2 拥有了类型“char *”
D:\C语言作业\教师工资管理系统\教师工资管理系统.cpp(379,12): warning C4477: “printf”: 格式字符串“%c”需要类型“int”的参数，但可变参数 5 拥有了类型“char *”
D:\C语言作业\教师工资管理系统\教师工资管理系统.cpp(398,12): warning C4477: “printf”: 格式字符串“%c”需要类型“int”的参数，但可变参数 2 拥有了类型“char *”
D:\C语言作业\教师工资管理系统\教师工资管理系统.cpp(398,12): warning C4477: “printf”: 格式字符串“%c”需要类型“int”的参数，但可变参数 5 拥有了类型“char *”
D:\C语言作业\教师工资管理系统\教师工资管理系统.cpp(403,12): warning C4477: “printf”: 格式字符串“%c”需要类型“int”的参数，但可变参数 2 拥有了类型“char *”
D:\C语言作业\教师工资管理系统\教师工资管理系统.cpp(403,12): warning C4477: “printf”: 格式字符串“%c”需要类型“int”的参数，但可变参数 5 拥有了类型“char *”
D:\C语言作业\教师工资管理系统\教师工资管理系统.cpp(408,12): warning C4477: “printf”: 格式字符串“%c”需要类型“int”的参数，但可变参数 2 拥有了类型“char *”
D:\C语言作业\教师工资管理系统\教师工资管理系统.cpp(408,12): warning C4477: “printf”: 格式字符串“%c”需要类型“int”的参数，但可变参数 5 拥有了类型“char *”
D:\C语言作业\教师工资管理系统\教师工资管理系统.cpp(413,12): warning C4477: “printf”: 格式字符串“%c”需要类型“int”的参数，但可变参数 2 拥有了类型“char *”
D:\C语言作业\教师工资管理系统\教师工资管理系统.cpp(413,12): warning C4477: “printf”: 格式字符串“%c”需要类型“int”的参数，但可变参数 5 拥有了类型“char *”
  教师工资管理系统.vcxproj -> D:\C语言作业\教师工资管理系统\Debug\教师工资管理系统.exe
